Just created: Soft 0
Just created: Soft 1
Just created: Soft 2
Just created: Soft 3
Just created: Soft 4
Just created: Soft 5
Just created: Soft 6
Just created: Soft 7
Just created: Soft 8
Just created: Soft 9
Just created: Weak 0
Just created: Weak 1
Just created: Weak 2
Just created: Weak 3
Just created: Weak 4
Just created: Weak 5
Just created: Weak 6
Just created: Weak 7
Just created: Weak 8
Just created: Weak 9
Finalizing Weak 0
Finalizing Weak 1
Finalizing Weak 2
Finalizing Weak 3
Finalizing Weak 4
Finalizing Weak 5
Finalizing Weak 6
Finalizing Weak 7
Finalizing Weak 8
Finalizing Weak 9
Finalizing Weak
Just created: null
In queue: null
Just created: null
In queue: null
Just created: null
In queue: null
Just created: null
In queue: null
Just created: null
In queue: null
Just created: null
In queue: null
Just created: null
In queue: null
Just created: null
In queue: null
Just created: null
In queue: null
Just created: null
In queue: null
