-1, int: -1, binary: 
   11111111111111111111111111111111
+1, int: 1, binary: 
   00000000000000000000000000000001
maxpos, int: 2147483647, binary: 
   01111111111111111111111111111111
maxneg, int: -2147483648, binary: 
   10000000000000000000000000000000
%% i, int: -?\d+, binary: 
%% \s{3}(0|1){32}
%% ~i, int: -?\d+, binary: 
%% \s{3}(0|1){32}
%% -i, int: -?\d+, binary: 
%% \s{3}(0|1){32}
%% j, int: -?\d+, binary: 
%% \s{3}(0|1){32}
%% i & j, int: -?\d+, binary: 
%% \s{3}(0|1){32}
%% i \| j, int: -?\d+, binary: 
%% \s{3}(0|1){32}
%% i \^ j, int: -?\d+, binary: 
%% \s{3}(0|1){32}
%% i << 5, int: -?\d+, binary: 
%% \s{3}(0|1){32}
%% i >> 5, int: -?\d+, binary: 
%% \s{3}(0|1){32}
%% \(~i\) >> 5, int: -?\d+, binary: 
%% \s{3}(0|1){32}
%% i >>> 5, int: -?\d+, binary: 
%% \s{3}(0|1){32}
%% \(~i\) >>> 5, int: -?\d+, binary: 
%% \s{3}(0|1){32}
-1L, long: -1, binary: 
   1111111111111111111111111111111111111111111111111111111111111111
+1L, long: 1, binary: 
   0000000000000000000000000000000000000000000000000000000000000001
maxpos, long: 9223372036854775807, binary: 
   0111111111111111111111111111111111111111111111111111111111111111
maxneg, long: -9223372036854775808, binary: 
   1000000000000000000000000000000000000000000000000000000000000000
%% l, long: -?\d+, binary: 
%% \s{3}(0|1){64}
%% ~l, long: -?\d+, binary: 
%% \s{3}(0|1){64}
%% -l, long: -?\d+, binary: 
%% \s{3}(0|1){64}
%% m, long: -?\d+, binary: 
%% \s{3}(0|1){64}
%% l & m, long: -?\d+, binary: 
%% \s{3}(0|1){64}
%% l \| m, long: -?\d+, binary: 
%% \s{3}(0|1){64}
%% l \^ m, long: -?\d+, binary: 
%% \s{3}(0|1){64}
%% l << 5, long: -?\d+, binary: 
%% \s{3}(0|1){64}
%% l >> 5, long: -?\d+, binary: 
%% \s{3}(0|1){64}
%% \(~l\) >> 5, long: -?\d+, binary: 
%% \s{3}(0|1){64}
%% l >>> 5, long: -?\d+, binary: 
%% \s{3}(0|1){64}
%% \(~l\) >>> 5, long: -?\d+, binary: 
%% \s{3}(0|1){64}
